QRAPP_android/app/build/intermediates/manifest_merge_blame_file/debug/manifest-merger-blame-debug-report.txt
1<?xml version="1.0" encoding="utf-8"?>
2<manifest xmlns:android="http://schemas.android.com/apk/res/android"
3    package="com.example.uobar"
4    android:versionCode="1"
5    android:versionName="1.0" >
6
7    <uses-sdk
8        android:minSdkVersion="21"
8-->src\main\AndroidManifest.xml
9        android:targetSdkVersion="31" />
9-->src\main\AndroidManifest.xml
10
11    <uses-permission android:name="android.permission.ACCESS_COARSE_LOCATION" />
11-->src\main\AndroidManifest.xml:5:5-80
11-->src\main\AndroidManifest.xml:5:22-78
12    <uses-permission android:name="android.permission.ACCESS_FINE_LOCATION" />
12-->src\main\AndroidManifest.xml:6:5-79
12-->src\main\AndroidManifest.xml:6:22-76
13    <uses-permission android:name="android.permission.ACCESS_FINE_LOCATION" />
13-->src\main\AndroidManifest.xml:6:5-79
13-->src\main\AndroidManifest.xml:6:22-76
14    <uses-permission android:name="android.permission.ACCESS_FINE_LOCATION" />
14-->src\main\AndroidManifest.xml:6:5-79
14-->src\main\AndroidManifest.xml:6:22-76
15    <uses-permission android:name="android.permission.INTERNET" />
15-->src\main\AndroidManifest.xml:9:5-67
15-->src\main\AndroidManifest.xml:9:22-64
16    <uses-permission android:name="android.permission.CAMERA" />
16-->src\main\AndroidManifest.xml:10:5-65
16-->src\main\AndroidManifest.xml:10:22-62
17    <uses-permission android:name="android.permission.WRITE_EXTERNAL_STORAGE" />
17-->src\main\AndroidManifest.xml:11:5-81
17-->src\main\AndroidManifest.xml:11:22-78
18    <uses-permission android:name="android.permission.READ_EXTERNAL_STORAGE" />
18-->src\main\AndroidManifest.xml:12:5-80
18-->src\main\AndroidManifest.xml:12:22-77
19
20    <!-- Include required permissions for Google Maps API to run. -->
21    <uses-permission android:name="android.permission.ACCESS_NETWORK_STATE" />
21-->[com.google.android.gms:play-services-maps:18.0.0] AndroidManifest.xml:23:5-79
21-->[com.google.android.gms:play-services-maps:18.0.0] AndroidManifest.xml:23:22-76
22
23    <uses-feature
23-->[com.google.android.gms:play-services-maps:18.0.0] AndroidManifest.xml:26:5-28:35
24        android:glEsVersion="0x00020000"
24-->[com.google.android.gms:play-services-maps:18.0.0] AndroidManifest.xml:27:9-41
25        android:required="true" />
25-->[com.google.android.gms:play-services-maps:18.0.0] AndroidManifest.xml:28:9-32
26
27    <queries>
27-->[com.google.android.gms:play-services-maps:18.0.0] AndroidManifest.xml:30:5-34:15
28
29        <!-- Needs to be explicitly declared on Android R+ -->
30        <package android:name="com.google.android.apps.maps" />
30-->[com.google.android.gms:play-services-maps:18.0.0] AndroidManifest.xml:33:9-64
30-->[com.google.android.gms:play-services-maps:18.0.0] AndroidManifest.xml:33:18-61
31    </queries>
32
33    <application
33-->src\main\AndroidManifest.xml:14:5-69:19
34        android:allowBackup="true"
34-->src\main\AndroidManifest.xml:15:9-35
35        android:appComponentFactory="androidx.core.app.CoreComponentFactory"
35-->[androidx.core:core:1.7.0] AndroidManifest.xml:24:18-86
36        android:debuggable="true"
37        android:icon="@mipmap/ic_launcher"
37-->src\main\AndroidManifest.xml:16:9-43
38        android:label="@string/app_name"
38-->src\main\AndroidManifest.xml:17:9-41
39        android:requestLegacyExternalStorage="true"
39-->src\main\AndroidManifest.xml:18:9-52
40        android:roundIcon="@mipmap/ic_launcher_round"
40-->src\main\AndroidManifest.xml:19:9-54
41        android:supportsRtl="true"
41-->src\main\AndroidManifest.xml:20:9-35
42        android:testOnly="true"
43        android:theme="@style/Theme.UOBAR" >
43-->src\main\AndroidManifest.xml:21:9-43
44
45        <!--
46             TODO: Before you run your application, you need a Google Maps API key.
47
48             To get one, follow the directions here:
49
50                https://developers.google.com/maps/documentation/android-sdk/get-api-key
51
52             Once you have your API key (it starts with "AIza"), define a new property in your
53             project's local.properties file (e.g. MAPS_API_KEY=Aiza...), and replace the
54             "YOUR_API_KEY" string in this file with "${MAPS_API_KEY}".
55        -->
56        <meta-data
57            android:name="com.google.android.geo.API_KEY"
57-->src\main\AndroidManifest.xml:35:13-58
58            android:value="AIzaSyALn7mJzUOAypvhHCOXV8GxznKFejixPdI" />
58-->src\main\AndroidManifest.xml:36:13-44
59
60        <activity
60-->src\main\AndroidManifest.xml:38:9-41:59
61            android:name="com.example.uobar.MapsActivity"
61-->src\main\AndroidManifest.xml:39:13-41
62            android:exported="false"
62-->src\main\AndroidManifest.xml:40:13-37
63            android:label="@string/title_activity_maps" />
63-->src\main\AndroidManifest.xml:41:13-56
64        <activity
64-->src\main\AndroidManifest.xml:42:9-44:40
65            android:name="com.example.uobar.Scan_Page"
65-->src\main\AndroidManifest.xml:43:13-38
66            android:exported="false" />
66-->src\main\AndroidManifest.xml:44:13-37
67        <activity
67-->src\main\AndroidManifest.xml:45:9-47:40
68            android:name="com.example.uobar.GoldneyButton"
68-->src\main\AndroidManifest.xml:46:13-42
69            android:exported="false" />
69-->src\main\AndroidManifest.xml:47:13-37
70        <activity
70-->src\main\AndroidManifest.xml:48:9-50:40
71            android:name="com.example.uobar.RoyalFortButton"
71-->src\main\AndroidManifest.xml:49:13-44
72            android:exported="false" />
72-->src\main\AndroidManifest.xml:50:13-37
73        <activity
73-->src\main\AndroidManifest.xml:51:9-53:40
74            android:name="com.example.uobar.QRScanner"
74-->src\main\AndroidManifest.xml:52:13-38
75            android:exported="false" />
75-->src\main\AndroidManifest.xml:53:13-37
76        <activity
76-->src\main\AndroidManifest.xml:54:9-56:40
77            android:name="com.example.uobar.MainActivity"
77-->src\main\AndroidManifest.xml:55:13-41
78            android:exported="false" />
78-->src\main\AndroidManifest.xml:56:13-37
79        <activity
79-->src\main\AndroidManifest.xml:57:9-59:40
80            android:name="com.example.uobar.Audio"
80-->src\main\AndroidManifest.xml:58:13-34
81            android:exported="false" />
81-->src\main\AndroidManifest.xml:59:13-37
82        <activity
82-->src\main\AndroidManifest.xml:60:9-68:20
83            android:name="com.example.uobar.Welcome"
83-->src\main\AndroidManifest.xml:61:13-36
84            android:exported="true" >
84-->src\main\AndroidManifest.xml:62:13-36
85            <intent-filter>
85-->src\main\AndroidManifest.xml:63:13-67:29
86                <action android:name="android.intent.action.MAIN" />
86-->src\main\AndroidManifest.xml:64:17-69
86-->src\main\AndroidManifest.xml:64:25-66
87
88                <category android:name="android.intent.category.LAUNCHER" />
88-->src\main\AndroidManifest.xml:66:17-77
88-->src\main\AndroidManifest.xml:66:27-74
89            </intent-filter>
90        </activity>
91        <activity
91-->[com.karumi:dexter:6.0.0] AndroidManifest.xml:27:9-29:72
92            android:name="com.karumi.dexter.DexterActivity"
92-->[com.karumi:dexter:6.0.0] AndroidManifest.xml:28:13-60
93            android:theme="@style/Dexter.Internal.Theme.Transparent" /> <!-- Needs to be explicitly declared on P+ -->
93-->[com.karumi:dexter:6.0.0] AndroidManifest.xml:29:13-69
94        <uses-library
94-->[com.google.android.gms:play-services-maps:18.0.0] AndroidManifest.xml:39:9-41:40
95            android:name="org.apache.http.legacy"
95-->[com.google.android.gms:play-services-maps:18.0.0] AndroidManifest.xml:40:13-50
96            android:required="false" />
96-->[com.google.android.gms:play-services-maps:18.0.0] AndroidManifest.xml:41:13-37
97
98        <activity
98-->[com.google.android.gms:play-services-base:18.0.1] AndroidManifest.xml:20:9-22:45
99            android:name="com.google.android.gms.common.api.GoogleApiActivity"
99-->[com.google.android.gms:play-services-base:18.0.1] AndroidManifest.xml:20:19-85
100            android:exported="false"
100-->[com.google.android.gms:play-services-base:18.0.1] AndroidManifest.xml:22:19-43
101            android:theme="@android:style/Theme.Translucent.NoTitleBar" />
101-->[com.google.android.gms:play-services-base:18.0.1] AndroidManifest.xml:21:19-78
102
103        <meta-data
103-->[com.google.android.gms:play-services-basement:18.0.0] AndroidManifest.xml:21:9-23:69
104            android:name="com.google.android.gms.version"
104-->[com.google.android.gms:play-services-basement:18.0.0] AndroidManifest.xml:22:13-58
105            android:value="@integer/google_play_services_version" />
105-->[com.google.android.gms:play-services-basement:18.0.0] AndroidManifest.xml:23:13-66
106
107        <provider
107-->[androidx.emoji2:emoji2:1.0.0] AndroidManifest.xml:26:9-34:20
108            android:name="androidx.startup.InitializationProvider"
108-->[androidx.emoji2:emoji2:1.0.0] AndroidManifest.xml:27:13-67
109            android:authorities="com.example.uobar.androidx-startup"
109-->[androidx.emoji2:emoji2:1.0.0] AndroidManifest.xml:28:13-68
110            android:exported="false" >
110-->[androidx.emoji2:emoji2:1.0.0] AndroidManifest.xml:29:13-37
111            <meta-data
111-->[androidx.emoji2:emoji2:1.0.0] AndroidManifest.xml:31:13-33:52
112                android:name="androidx.emoji2.text.EmojiCompatInitializer"
112-->[androidx.emoji2:emoji2:1.0.0] AndroidManifest.xml:32:17-75
113                android:value="androidx.startup" />
113-->[androidx.emoji2:emoji2:1.0.0] AndroidManifest.xml:33:17-49
114            <meta-data
114-->[androidx.lifecycle:lifecycle-process:2.4.0] AndroidManifest.xml:31:13-33:52
115                android:name="androidx.lifecycle.ProcessLifecycleInitializer"
115-->[androidx.lifecycle:lifecycle-process:2.4.0] AndroidManifest.xml:32:17-78
116                android:value="androidx.startup" />
116-->[androidx.lifecycle:lifecycle-process:2.4.0] AndroidManifest.xml:33:17-49
117        </provider>
118    </application>
119
120</manifest>